0 info it worked if it ends with ok
1 verbose cli [ '/usr/bin/node', '/usr/bin/npm', 'start' ]
2 info using npm@3.5.2
3 info using node@v8.10.0
4 verbose run-script [ 'prestart', 'start', 'poststart' ]
5 info lifecycle dhbw-svm-outdoor@1.0.0~prestart: dhbw-svm-outdoor@1.0.0
6 silly lifecycle dhbw-svm-outdoor@1.0.0~prestart: no script for prestart, continuing
7 info lifecycle dhbw-svm-outdoor@1.0.0~start: dhbw-svm-outdoor@1.0.0
8 verbose lifecycle dhbw-svm-outdoor@1.0.0~start: unsafe-perm in lifecycle true
9 verbose lifecycle dhbw-svm-outdoor@1.0.0~start: PATH: /usr/share/npm/bin/node-gyp-bin:/mnt/c/Users/Enrico/DHBW/Website-Project/dhbw-svm-outdoor/node_modules/.bin:/home/enrico/.vscode-server/bin/6ab598523be7a800d7f3eb4d92d7ab9a66069390/bin:/usr/local/sbin:/usr/local/bin:/usr/sbin:/usr/bin:/sbin:/bin:/usr/games:/usr/local/games:/mnt/c/WINDOWS/system32:/mnt/c/WINDOWS:/mnt/c/WINDOWS/System32/Wbem:/mnt/c/WINDOWS/System32/WindowsPowerShell/v1.0/:/mnt/c/WINDOWS/System32/OpenSSH/:/mnt/c/Program Files/PuTTY/:/mnt/c/Program Files/Microsoft VS Code/bin:/mnt/c/Program Files/Git/cmd:/mnt/c/Users/Enrico/AppData/Local/Packages/PythonSoftwareFoundation.Python.3.7_qbz5n2kfra8p0/LocalCache/local-packages/Python37/Scripts:/mnt/c/Users/Enrico/AppData/Local/Microsoft/WindowsApps:/mnt/c/Program Files (x86)/Nmap:/snap/bin
10 verbose lifecycle dhbw-svm-outdoor@1.0.0~start: CWD: /mnt/c/Users/Enrico/DHBW/Website-Project/dhbw-svm-outdoor
11 silly lifecycle dhbw-svm-outdoor@1.0.0~start: Args: [ '-c',
11 silly lifecycle   'cd ./combiner && npm install && npm run-script build && npm run-script combine && cd .. &&  node server.js' ]
12 silly lifecycle dhbw-svm-outdoor@1.0.0~start: Returned: code: 1  signal: null
13 info lifecycle dhbw-svm-outdoor@1.0.0~start: Failed to exec start script
14 verbose stack Error: dhbw-svm-outdoor@1.0.0 start: `cd ./combiner && npm install && npm run-script build && npm run-script combine && cd .. &&  node server.js`
14 verbose stack Exit status 1
14 verbose stack     at EventEmitter.<anonymous> (/usr/share/npm/lib/utils/lifecycle.js:232:16)
14 verbose stack     at emitTwo (events.js:126:13)
14 verbose stack     at EventEmitter.emit (events.js:214:7)
14 verbose stack     at ChildProcess.<anonymous> (/usr/share/npm/lib/utils/spawn.js:24:14)
14 verbose stack     at emitTwo (events.js:126:13)
14 verbose stack     at ChildProcess.emit (events.js:214:7)
14 verbose stack     at maybeClose (internal/child_process.js:925:16)
14 verbose stack     at Process.ChildProcess._handle.onexit (internal/child_process.js:209:5)
15 verbose pkgid dhbw-svm-outdoor@1.0.0
16 verbose cwd /mnt/c/Users/Enrico/DHBW/Website-Project/dhbw-svm-outdoor
17 error Linux 4.4.0-18362-Microsoft
18 error argv "/usr/bin/node" "/usr/bin/npm" "start"
19 error node v8.10.0
20 error npm  v3.5.2
21 error code ELIFECYCLE
22 error dhbw-svm-outdoor@1.0.0 start: `cd ./combiner && npm install && npm run-script build && npm run-script combine && cd .. &&  node server.js`
22 error Exit status 1
23 error Failed at the dhbw-svm-outdoor@1.0.0 start script 'cd ./combiner && npm install && npm run-script build && npm run-script combine && cd .. &&  node server.js'.
23 error Make sure you have the latest version of node.js and npm installed.
23 error If you do, this is most likely a problem with the dhbw-svm-outdoor package,
23 error not with npm itself.
23 error Tell the author that this fails on your system:
23 error     cd ./combiner && npm install && npm run-script build && npm run-script combine && cd .. &&  node server.js
23 error You can get information on how to open an issue for this project with:
23 error     npm bugs dhbw-svm-outdoor
23 error Or if that isn't available, you can get their info via:
23 error     npm owner ls dhbw-svm-outdoor
23 error There is likely additional logging output above.
24 verbose exit [ 1, true ]
